<?xml version="1.0" encoding="UTF-8"?>
<testsuite name="de.htw.berlin.Matchlog.MatchlogApplicationTests" tests="1" skipped="0" failures="0" errors="0" timestamp="2026-05-22T16:53:34.142Z" hostname="MacBook-Air-von-Alexander-2.fritz.box" time="1.25">
  <properties/>
  <testcase name="contextLoads()" classname="de.htw.berlin.Matchlog.MatchlogApplicationTests" time="0.253"/>
  <system-out><![CDATA[18:53:34.189 [Test worker] INFO org.springframework.test.context.support.AnnotationConfigContextLoaderUtils -- Could not detect default configuration classes for test class [de.htw.berlin.Matchlog.MatchlogApplicationTests]: MatchlogApplicationTests does not declare any static, non-private, non-final, nested classes annotated with @Configuration.
18:53:34.224 [Test worker] INFO org.springframework.boot.test.context.SpringBootTestContextBootstrapper -- Found @SpringBootConfiguration de.htw.berlin.Matchlog.MatchlogApplication for test class de.htw.berlin.Matchlog.MatchlogApplicationTests
18:53:34.247 [Test worker] INFO org.springframework.test.context.support.AnnotationConfigContextLoaderUtils -- Could not detect default configuration classes for test class [de.htw.berlin.Matchlog.MatchlogApplicationTests]: MatchlogApplicationTests does not declare any static, non-private, non-final, nested classes annotated with @Configuration.
18:53:34.247 [Test worker] INFO org.springframework.boot.test.context.SpringBootTestContextBootstrapper -- Found @SpringBootConfiguration de.htw.berlin.Matchlog.MatchlogApplication for test class de.htw.berlin.Matchlog.MatchlogApplicationTests

  .   ____          _            __ _ _
 /\\ / ___'_ __ _ _(_)_ __  __ _ \ \ \ \
( ( )\___ | '_ | '_| | '_ \/ _` | \ \ \ \
 \\/  ___)| |_)| | | | | || (_| |  ) ) ) )
  '  |____| .__|_| |_|_| |_\__, | / / / /
 =========|_|==============|___/=/_/_/_/

 :: Spring Boot ::                (v4.0.5)

2026-05-22T18:53:34.335+02:00  INFO 2822 --- [Matchlog] [    Test worker] d.h.b.Matchlog.MatchlogApplicationTests  : Starting MatchlogApplicationTests using Java 25.0.1 with PID 2822 (started by alexandermeier in /Users/alexandermeier/Code/Matchlog/Matchlog Backend)
2026-05-22T18:53:34.336+02:00  INFO 2822 --- [Matchlog] [    Test worker] d.h.b.Matchlog.MatchlogApplicationTests  : No active profile set, falling back to 1 default profile: "default"
2026-05-22T18:53:34.508+02:00  INFO 2822 --- [Matchlog] [    Test worker] .s.d.r.c.RepositoryConfigurationDelegate : Bootstrapping Spring Data JPA repositories in DEFAULT mode.
2026-05-22T18:53:34.515+02:00  INFO 2822 --- [Matchlog] [    Test worker] .s.d.r.c.RepositoryConfigurationDelegate : Finished Spring Data repository scanning in 4 ms. Found 0 JPA repository interfaces.
2026-05-22T18:53:34.603+02:00  INFO 2822 --- [Matchlog] [    Test worker] com.zaxxer.hikari.HikariDataSource       : HikariPool-1 - Starting...
2026-05-22T18:53:34.660+02:00  INFO 2822 --- [Matchlog] [    Test worker] com.zaxxer.hikari.pool.HikariPool        : HikariPool-1 - Added connection conn0: url=jdbc:h2:mem:708f30d2-0909-4604-b8bf-54dd1967e09b user=SA
2026-05-22T18:53:34.661+02:00  INFO 2822 --- [Matchlog] [    Test worker] com.zaxxer.hikari.HikariDataSource       : HikariPool-1 - Start completed.
2026-05-22T18:53:34.676+02:00  INFO 2822 --- [Matchlog] [    Test worker] org.hibernate.orm.jpa                    : HHH008540: Processing PersistenceUnitInfo [name: default]
2026-05-22T18:53:34.691+02:00  INFO 2822 --- [Matchlog] [    Test worker] org.hibernate.orm.core                   : HHH000001: Hibernate ORM core version 7.2.7.Final
2026-05-22T18:53:34.816+02:00  INFO 2822 --- [Matchlog] [    Test worker] o.s.o.j.p.SpringPersistenceUnitInfo      : No LoadTimeWeaver setup: ignoring JPA class transformer
2026-05-22T18:53:34.840+02:00  INFO 2822 --- [Matchlog] [    Test worker] org.hibernate.orm.connections.pooling    : HHH10001005: Database info:
	Database JDBC URL [jdbc:h2:mem:708f30d2-0909-4604-b8bf-54dd1967e09b]
	Database driver: H2 JDBC Driver
	Database dialect: H2Dialect
	Database version: 2.4.240
	Default catalog/schema: 708F30D2-0909-4604-B8BF-54DD1967E09B/PUBLIC
	Autocommit mode: undefined/unknown
	Isolation level: READ_COMMITTED [default READ_COMMITTED]
	JDBC fetch size: 100
	Pool: DataSourceConnectionProvider
	Minimum pool size: undefined/unknown
	Maximum pool size: undefined/unknown
2026-05-22T18:53:34.961+02:00  INFO 2822 --- [Matchlog] [    Test worker] org.hibernate.orm.core                   : HHH000489: No JTA platform available (set 'hibernate.transaction.jta.platform' to enable JTA platform integration)
2026-05-22T18:53:34.963+02:00  INFO 2822 --- [Matchlog] [    Test worker] j.LocalContainerEntityManagerFactoryBean : Initialized JPA EntityManagerFactory for persistence unit 'default'
2026-05-22T18:53:34.998+02:00  WARN 2822 --- [Matchlog] [    Test worker] JpaBaseConfiguration$JpaWebConfiguration : spring.jpa.open-in-view is enabled by default. Therefore, database queries may be performed during view rendering. Explicitly configure spring.jpa.open-in-view to disable this warning
2026-05-22T18:53:35.136+02:00  INFO 2822 --- [Matchlog] [    Test worker] d.h.b.Matchlog.MatchlogApplicationTests  : Started MatchlogApplicationTests in 0.867 seconds (process running for 1.257)
]]></system-out>
  <system-err><![CDATA[Mockito is currently self-attaching to enable the inline-mock-maker. This will no longer work in future releases of the JDK. Please add Mockito as an agent to your build as described in Mockito's documentation: https://javadoc.io/doc/org.mockito/mockito-core/latest/org.mockito/org/mockito/Mockito.html#0.3
WARNING: A Java agent has been loaded dynamically (/Users/alexandermeier/.gradle/caches/modules-2/files-2.1/net.bytebuddy/byte-buddy-agent/1.17.8/f09415827a71be7ed621c7bd02550678f28bc81c/byte-buddy-agent-1.17.8.jar)
WARNING: If a serviceability tool is in use, please run with -XX:+EnableDynamicAgentLoading to hide this warning
WARNING: If a serviceability tool is not in use, please run with -Djdk.instrument.traceUsage for more information
WARNING: Dynamic loading of agents will be disallowed by default in a future release
]]></system-err>
</testsuite>
